<?xml version="1.0" encoding="UTF-8"?>
<!-- Generated by org.testng.reporters.JUnitXMLReporter -->
<testsuite ignored="0" hostname="Admin-PC" failures="1" tests="1" name="ValidateTitle" time="58.557" errors="0" timestamp="2021-03-14T21:16:33 IST">
  <testcase classname="academy.E2EProject.ValidateTitle" name="basePageNavigation" time="46.599">
    <failure type="junit.framework.ComparisonFailure" message="expected:&amp;lt;&amp;gt; but was:&amp;lt;FEATURED COURSES111&amp;gt;">
      <![CDATA[junit.framework.ComparisonFailure: expected:<> but was:<FEATURED COURSES111>
at junit.framework.Assert.assertEquals(Assert.java:81)
at junit.framework.Assert.assertEquals(Assert.java:87)
at academy.E2EProject.ValidateTitle.basePageNavigation(ValidateTitle.java:44)
at java.base/java.util.ArrayList.forEach(ArrayList.java:1511)
at java.base/java.util.concurrent.FutureTask.run(FutureTask.java:264)
at java.base/java.util.concurrent.ThreadPoolExecutor.runWorker(ThreadPoolExecutor.java:1130)
at java.base/java.util.concurrent.ThreadPoolExecutor$Worker.run(ThreadPoolExecutor.java:630)
at java.base/java.lang.Thread.run(Thread.java:832)
... Removed 18 stack frames]]>
    </failure>
  </testcase> <!-- basePageNavigation -->
</testsuite> <!-- ValidateTitle -->
