<?xml version="1.0" encoding="UTF-8"?>
<testng-results skipped="0" failed="0" ignored="0" total="2" passed="2">
  <reporter-output>
  </reporter-output>
  <suite name="Suite" duration-ms="25790" started-at="2021-03-13T16:28:41 IST" finished-at="2021-03-13T16:29:07 IST">
    <groups>
    </groups>
    <test name="ValidateTitle" duration-ms="25433" started-at="2021-03-13T16:28:41 IST" finished-at="2021-03-13T16:29:07 IST">
      <class name="academy.E2EProject.ValidateTitle">
        <test-method status="PASS" signature="initialize()[pri:0, instance:academy.E2EProject.ValidateTitle@1182842]" name="initialize" is-config="true" duration-ms="3769" started-at="2021-03-13T16:28:41 IST" finished-at="2021-03-13T16:28:45 IST">
          <reporter-output>
          </reporter-output>
        </test-method> <!-- initialize -->
        <test-method status="PASS" signature="basePageNavigation()[pri:0, instance:academy.E2EProject.ValidateTitle@1182842]" name="basePageNavigation" duration-ms="21437" started-at="2021-03-13T16:28:45 IST" finished-at="2021-03-13T16:29:07 IST">
          <reporter-output>
          </reporter-output>
        </test-method> <!-- basePageNavigation -->
        <test-method status="PASS" signature="teardown()[pri:0, instance:academy.E2EProject.ValidateTitle@1182842]" name="teardown" is-config="true" duration-ms="159" started-at="2021-03-13T16:29:07 IST" finished-at="2021-03-13T16:29:07 IST">
          <reporter-output>
          </reporter-output>
        </test-method> <!-- teardown -->
      </class> <!-- academy.E2EProject.ValidateTitle -->
    </test> <!-- ValidateTitle -->
    <test name="ValidateMenu" duration-ms="25790" started-at="2021-03-13T16:28:41 IST" finished-at="2021-03-13T16:29:07 IST">
      <class name="academy.E2EProject.ValidateMenu">
        <test-method status="PASS" signature="initialize()[pri:0, instance:academy.E2EProject.ValidateMenu@1bd4fdd]" name="initialize" is-config="true" duration-ms="25382" started-at="2021-03-13T16:28:41 IST" finished-at="2021-03-13T16:29:07 IST">
          <reporter-output>
          </reporter-output>
        </test-method> <!-- initialize -->
        <test-method status="PASS" signature="basePageNavigation()[pri:0, instance:academy.E2EProject.ValidateMenu@1bd4fdd]" name="basePageNavigation" duration-ms="131" started-at="2021-03-13T16:29:07 IST" finished-at="2021-03-13T16:29:07 IST">
          <reporter-output>
          </reporter-output>
        </test-method> <!-- basePageNavigation -->
        <test-method status="PASS" signature="teardown()[pri:0, instance:academy.E2EProject.ValidateMenu@1bd4fdd]" name="teardown" is-config="true" duration-ms="265" started-at="2021-03-13T16:29:07 IST" finished-at="2021-03-13T16:29:07 IST">
          <reporter-output>
          </reporter-output>
        </test-method> <!-- teardown -->
      </class> <!-- academy.E2EProject.ValidateMenu -->
    </test> <!-- ValidateMenu -->
  </suite> <!-- Suite -->
</testng-results>
